Using pre-set license
Built from '2020.3/staging' branch; Version is '2020.3.16f1 (049d6eca3c44) revision 302446'; Using compiler version '192528614'; Build Type 'Release'
OS: 'Windows 10 Pro; OS build 19043.1165; Version 2009; 64bit' Language: 'en' Physical Memory: 16058 MB
BatchMode: 1, IsHumanControllingUs: 0, StartBugReporterOnCrash: 0, Is64bit: 1, IsPro: 0

 COMMAND LINE ARGUMENTS:
C:\Program Files\Unity\Hub\Editor\2020.3.16f1\Editor\Unity.exe
-adb2
-batchMode
-noUpm
-name
AssetImportWorker0
-projectPath
C:/Users/DSU Student/Documents/GitHub/Game333SoulSearchers/Soul Searching
-logFile
Logs/AssetImportWorker0.log
-srvPort
61092
Successfully changed project path to: C:/Users/DSU Student/Documents/GitHub/Game333SoulSearchers/Soul Searching
C:/Users/DSU Student/Documents/GitHub/Game333SoulSearchers/Soul Searching
Using Asset Import Pipeline V2.
Refreshing native plugins compatible for Editor in 120.30 ms, found 2 plugins.
Preloading 0 native plugins for Editor in 0.00 ms.
Initialize engine version: 2020.3.16f1 (049d6eca3c44)
[Subsystems] Discovering subsystems at path C:/Program Files/Unity/Hub/Editor/2020.3.16f1/Editor/Data/Resources/UnitySubsystems
[Subsystems] Discovering subsystems at path C:/Users/DSU Student/Documents/GitHub/Game333SoulSearchers/Soul Searching/Assets
GfxDevice: creating device client; threaded=0
Direct3D:
    Version:  Direct3D 11.0 [level 11.1]
    Renderer: Intel(R) UHD Graphics 620 (ID=0x3ea0)
    Vendor:   
    VRAM:     8029 MB
    Driver:   26.20.100.6911
Shader 'Universal Render Pipeline/Particles/Lit': fallback shader 'Universal Render Pipeline/Particles/SimpleLit' not found
Initialize mono
Mono path[0] = 'C:/Program Files/Unity/Hub/Editor/2020.3.16f1/Editor/Data/Managed'
Mono path[1] = 'C:/Program Files/Unity/Hub/Editor/2020.3.16f1/Editor/Data/MonoBleedingEdge/lib/mono/unityjit'
Mono config path = 'C:/Program Files/Unity/Hub/Editor/2020.3.16f1/Editor/Data/MonoBleedingEdge/etc'
Using monoOptions --debugger-agent=transport=dt_socket,embedding=1,server=y,suspend=n,address=127.0.0.1:56824
Begin MonoManager ReloadAssembly
Registering precompiled unity dll's ...
Register platform support module: C:/Program Files/Unity/Hub/Editor/2020.3.16f1/Editor/Data/PlaybackEngines/WindowsStandaloneSupport/UnityEditor.WindowsStandalone.Extensions.dll
Registered in 0.004462 seconds.
Native extension for WindowsStandalone target not found
Refreshing native plugins compatible for Editor in 161.05 ms, found 2 plugins.
Preloading 0 native plugins for Editor in 0.00 ms.
Mono: successfully reloaded assembly
- Completed reload, in  2.486 seconds
Domain Reload Profiling:
	ReloadAssembly (2486ms)
		BeginReloadAssembly (117ms)
			ExecutionOrderSort (0ms)
			DisableScriptedObjects (0ms)
			BackupInstance (0ms)
			ReleaseScriptingObjects (0ms)
			CreateAndSetChildDomain (2ms)
		EndReloadAssembly (1017ms)
			LoadAssemblies (111ms)
			RebuildTransferFunctionScriptingTraits (0ms)
			SetupTypeCache (350ms)
			ReleaseScriptCaches (0ms)
			RebuildScriptCaches (72ms)
			SetupLoadedEditorAssemblies (443ms)
				LogAssemblyErrors (0ms)
				InitializePlatformSupportModulesInManaged (8ms)
				SetLoadedEditorAssemblies (0ms)
				RefreshPlugins (161ms)
				BeforeProcessingInitializeOnLoad (22ms)
				ProcessInitializeOnLoadAttributes (189ms)
				ProcessInitializeOnLoadMethodAttributes (62ms)
				AfterProcessingInitializeOnLoad (0ms)
				EditorAssembliesLoaded (0ms)
			ExecutionOrderSort2 (0ms)
			AwakeInstancesAfterBackupRestoration (0ms)
Platform modules already initialized, skipping
Registering precompiled user dll's ...
Registered in 0.008957 seconds.
Begin MonoManager ReloadAssembly
Native extension for WindowsStandalone target not found
Refreshing native plugins compatible for Editor in 131.84 ms, found 2 plugins.
Preloading 0 native plugins for Editor in 0.00 ms.
Mono: successfully reloaded assembly
- Completed reload, in  3.120 seconds
Domain Reload Profiling:
	ReloadAssembly (3122ms)
		BeginReloadAssembly (390ms)
			ExecutionOrderSort (0ms)
			DisableScriptedObjects (10ms)
			BackupInstance (0ms)
			ReleaseScriptingObjects (0ms)
			CreateAndSetChildDomain (44ms)
		EndReloadAssembly (2578ms)
			LoadAssemblies (204ms)
			RebuildTransferFunctionScriptingTraits (0ms)
			SetupTypeCache (768ms)
			ReleaseScriptCaches (1ms)
			RebuildScriptCaches (137ms)
			SetupLoadedEditorAssemblies (1148ms)
				LogAssemblyErrors (0ms)
				InitializePlatformSupportModulesInManaged (9ms)
				SetLoadedEditorAssemblies (0ms)
				RefreshPlugins (132ms)
				BeforeProcessingInitializeOnLoad (185ms)
				ProcessInitializeOnLoadAttributes (793ms)
				ProcessInitializeOnLoadMethodAttributes (11ms)
				AfterProcessingInitializeOnLoad (17ms)
				EditorAssembliesLoaded (1ms)
			ExecutionOrderSort2 (0ms)
			AwakeInstancesAfterBackupRestoration (15ms)
Platform modules already initialized, skipping
========================================================================
Worker process is ready to serve import requests
Shader 'Universal Render Pipeline/Particles/Lit': fallback shader 'Universal Render Pipeline/Particles/SimpleLit' not found
Launched and connected shader compiler UnityShaderCompiler.exe after 0.14 seconds
Refreshing native plugins compatible for Editor in 1.06 ms, found 2 plugins.
Preloading 0 native plugins for Editor in 0.00 ms.
Unloading 2952 Unused Serialized files (Serialized files now loaded: 0)
System memory in use before: 128.1 MB.
System memory in use after: 128.3 MB.

Unloading 21 unused Assets to reduce memory usage. Loaded Objects now: 3387.
Total: 7.644800 ms (FindLiveObjects: 0.524300 ms CreateObjectMapping: 0.336800 ms MarkObjects: 6.627000 ms  DeleteObjects: 0.154500 ms)

AssetImportParameters requested are different than current active one (requested -> active):
  custom:framework-win-MediaFoundation: 216162199b28c13a410421893ffa2e32 -> 
  custom:video-decoder-ogg-theora: a1e56fd34408186e4bbccfd4996cb3dc -> 
  custom:container-muxer-webm: aa71ff27fc2769a1b78a27578f13a17b -> 
  custom:container-demuxer-webm: 4f35f7cbe854078d1ac9338744f61a02 -> 
  custom:container-demuxer-ogg: 62fdf1f143b41e24485cea50d1cbac27 -> 
  custom:video-encoder-webm-vp8: eb34c28f22e8b96e1ab97ce403110664 -> 
  custom:video-decoder-webm-vp8: 9c59270c3fd7afecdb556c50c9e8de78 -> 
  custom:audio-decoder-ogg-vorbis: bf7c407c2cedff20999df2af8eb42d56 -> 
  custom:audio-encoder-webm-vorbis: bf7c407c2cedff20999df2af8eb42d56 -> 
========================================================================
Received Import Request.
  path: Assets/Switches
  artifactKey: Guid(ef617c1468790134da7b471e7d6abe68) Importer(815301076,1909f56bfc062723c751e8b465ee728b)
Start importing Assets/Switches using Guid(ef617c1468790134da7b471e7d6abe68) Importer(815301076,1909f56bfc062723c751e8b465ee728b)  -> (artifact id: '219aa8cf6a65a5af5288bd7886a063d6') in 0.026314 seconds 
  Import took 0.037059 seconds .

========================================================================
Received Import Request.
  Time since last request: 24.354361 seconds.
  path: Assets/Traps
  artifactKey: Guid(3f5b48fa58b94694db81f255bf1bcd40) Importer(815301076,1909f56bfc062723c751e8b465ee728b)
Start importing Assets/Traps using Guid(3f5b48fa58b94694db81f255bf1bcd40) Importer(815301076,1909f56bfc062723c751e8b465ee728b)  -> (artifact id: 'ddb1903e8da322558053e356cb7e55ac') in 0.016914 seconds 
  Import took 0.028150 seconds .

========================================================================
Received Import Request.
  Time since last request: 0.005816 seconds.
  path: Assets/Traps
  artifactKey: Guid(3f5b48fa58b94694db81f255bf1bcd40) Importer(815301076,1909f56bfc062723c751e8b465ee728b)
Start importing Assets/Traps using Guid(3f5b48fa58b94694db81f255bf1bcd40) Importer(815301076,1909f56bfc062723c751e8b465ee728b)  -> (artifact id: 'ddb1903e8da322558053e356cb7e55ac') in 0.004765 seconds 
  Import took 0.016215 seconds .

========================================================================
Received Import Request.
  Time since last request: 0.186174 seconds.
  path: Assets/Traps/Eye_Tower.fbx
  artifactKey: Guid(5d687163f09900c4f959ce3b0bc5f55a) Importer(815301076,1909f56bfc062723c751e8b465ee728b)
Start importing Assets/Traps/Eye_Tower.fbx using Guid(5d687163f09900c4f959ce3b0bc5f55a) Importer(815301076,1909f56bfc062723c751e8b465ee728b)  -> (artifact id: '95dc285c948fba893252d2c7e00eef63') in 0.814892 seconds 
  Import took 0.825200 seconds .

========================================================================
Received Import Request.
  Time since last request: 0.000465 seconds.
  path: Assets/Traps/Spikes.fbx
  artifactKey: Guid(e48987fa9d6690349bbfee0262b5b1ae) Importer(815301076,1909f56bfc062723c751e8b465ee728b)
Start importing Assets/Traps/Spikes.fbx using Guid(e48987fa9d6690349bbfee0262b5b1ae) Importer(815301076,1909f56bfc062723c751e8b465ee728b)  -> (artifact id: 'a5c78ae1836d5dd48d659be1ac615b37') in 0.143219 seconds 
  Import took 0.152607 seconds .

