
=== Mon Aug 23 09:20:58 2021

Packages were changed.
Update Mode: mergeDefaultDependencies

The following packages were added:
  com.unity.collab-proxy@1.3.9
  com.unity.ide.rider@2.0.7
  com.unity.ide.visualstudio@2.0.7
  com.unity.ide.vscode@1.2.3
  com.unity.modules.ai@1.0.0
  com.unity.modules.androidjni@1.0.0
  com.unity.modules.animation@1.0.0
  com.unity.modules.assetbundle@1.0.0
  com.unity.modules.audio@1.0.0
  com.unity.modules.cloth@1.0.0
  com.unity.modules.director@1.0.0
  com.unity.modules.imageconversion@1.0.0
  com.unity.modules.imgui@1.0.0
  com.unity.modules.jsonserialize@1.0.0
  com.unity.modules.particlesystem@1.0.0
  com.unity.modules.physics@1.0.0
  com.unity.modules.physics2d@1.0.0
  com.unity.modules.screencapture@1.0.0
  com.unity.modules.terrain@1.0.0
  com.unity.modules.terrainphysics@1.0.0
  com.unity.modules.tilemap@1.0.0
  com.unity.modules.ui@1.0.0
  com.unity.modules.uielements@1.0.0
  com.unity.modules.umbra@1.0.0
  com.unity.modules.unityanalytics@1.0.0
  com.unity.modules.unitywebrequest@1.0.0
  com.unity.modules.unitywebrequestassetbundle@1.0.0
  com.unity.modules.unitywebrequestaudio@1.0.0
  com.unity.modules.unitywebrequesttexture@1.0.0
  com.unity.modules.unitywebrequestwww@1.0.0
  com.unity.modules.vehicles@1.0.0
  com.unity.modules.video@1.0.0
  com.unity.modules.vr@1.0.0
  com.unity.modules.wind@1.0.0
  com.unity.modules.xr@1.0.0
  com.unity.test-framework@1.1.22
  com.unity.textmeshpro@3.0.1
  com.unity.timeline@1.4.6
  com.unity.ugui@1.0.0

=== Fri Aug 27 08:23:14 2021

Packages were changed.
Update Mode: updateDependencies

The following packages were updated:
  com.unity.collab-proxy from version 1.3.9 to 1.7.1
  com.unity.ide.visualstudio from version 2.0.7 to 2.0.11
  com.unity.render-pipelines.universal from version 10.3.2 to 10.5.1
  com.unity.test-framework from version 1.1.22 to 1.1.27
  com.unity.textmeshpro from version 3.0.1 to 3.0.6
  com.unity.timeline from version 1.4.6 to 1.4.8

=== Wed Nov  3 08:36:43 2021

Packages were changed.
Update Mode: updateDependencies

The following packages were updated:
  com.unity.collab-proxy from version 1.7.1 to 1.13.5
  com.unity.ide.vscode from version 1.2.3 to 1.2.4
  com.unity.render-pipelines.universal from version 10.5.1 to 10.6.0
  com.unity.test-framework from version 1.1.27 to 1.1.29
  com.unity.visualeffectgraph from version 10.5.1 to 10.6.0

=== Fri Nov  5 08:22:29 2021

Packages were changed.
Update Mode: updateDependencies

The following packages were updated:
  com.unity.2d.tilemap.extras from version 1.8.0-preview to 2.2.0
  com.unity.cinemachine from version 2.6.10 to 2.8.0
  com.unity.ide.rider from version 2.0.7 to 3.0.7
  com.unity.inputsystem from version 1.0.2 to 1.1.1
  com.unity.render-pipelines.universal from version 10.6.0 to 12.1.0
  com.unity.timeline from version 1.4.8 to 1.6.2
  com.unity.visualeffectgraph from version 10.6.0 to 12.1.0

=== Sat Nov  5 08:40:03 2022

Packages were changed.
Update Mode: updateDependencies

The following packages were updated:
  com.unity.2d.tilemap.extras from version 2.2.1 to 2.2.3
  com.unity.cinemachine from version 2.8.4 to 2.8.6
  com.unity.collab-proxy from version 1.13.5 to 1.17.1
  com.unity.ide.rider from version 3.0.13 to 3.0.15
  com.unity.ide.visualstudio from version 2.0.15 to 2.0.16
  com.unity.inputsystem from version 1.1.1 to 1.3.0
  com.unity.render-pipelines.universal from version 12.1.0 to 12.1.7
  com.unity.visualeffectgraph from version 12.1.0 to 12.1.7
